<?xml version="1.0" encoding="UTF-8"?>
<!-- Generated by org.testng.reporters.JUnitReportReporter -->
<testsuite hostname="LAPTOP-DC276QPP" failures="0" tests="1" name="package3Test.Package3TestClass" time="0.006" errors="0" timestamp="2022-07-31T21:35:02 IST" skipped="0">
  <testcase classname="package3Test.Package3TestClass" name="testMethod" time="0.006"/>
  <system-out/>
</testsuite> <!-- package3Test.Package3TestClass -->
