<?xml version="1.0" encoding="UTF-8"?>
<!-- Generated by org.testng.reporters.JUnitReportReporter -->
<testsuite hostname="LAPTOP-DC276QPP" failures="0" tests="1" name="package2.Package2Test" time="0.005" errors="0" timestamp="2022-07-31T16:02:34 IST" skipped="0">
  <testcase classname="package2.Package2Test" name="TestMethod" time="0.005"/>
  <system-out/>
</testsuite> <!-- package2.Package2Test -->
