<?xml version="1.0" encoding="UTF-8"?>
<!-- Generated by org.testng.reporters.JUnitReportReporter -->
<testsuite hostname="LAPTOP-DC276QPP" failures="0" tests="1" name="testPage.TestPage1" time="0.010" errors="0" timestamp="2022-07-31T15:55:38 IST" skipped="0">
  <testcase classname="testPage.TestPage1" name="method1" time="0.010"/>
  <system-out/>
</testsuite> <!-- testPage.TestPage1 -->
